[19:12:21] [main/INFO] (FabricLoader) Loading for game Minecraft 1.16.1
[19:12:23] [main/INFO] (Fabric|Loader) [FabricLoader] Loading 42 mods: fabric-networking-blockentity-v0@0.2.5+b50ffc7b02, minecraft@1.16.1, fabric-renderer-api-v1@0.2.13+eae12eb802, fabric-screen-handler-api-v1@1.1.0+97324d1102, fabric-keybindings-v0@0.2.0+3fa9f7c502, fabric-command-api-v1@1.0.8+5ce5339802, fabricloader@0.9.0+build.204, fabric-tool-attribute-api-v1@1.2.0+55e0cc5f02, fabric-renderer-indigo@0.3.4+34d6c87102, fabric-containers-v0@0.1.8+045df74f02, fabric-object-builder-api-v1@1.5.6+a2d21ddd02, fabric-dimensions-v1@1.0.0+a71b305302, fabric-biomes-v1@0.2.7+059ea86602, fabric-crash-report-info-v1@0.1.2+b7f9825d02, fabric-item-api-v1@1.0.0+16acbe5b02, fabric-events-interaction-v0@0.3.3+7066030f02, fabric-game-rule-api-v1@1.0.0+fe81e12502, fabric-api-base@0.1.3+12a8474c02, fabric-rendering-v0@1.1.0+5341049002, fabric-key-binding-api-v1@1.0.1+f404f3be02, fabric-rendering-v1@1.1.2+346247d702, fabric-rendering-data-attachment-v1@0.1.3+b7f9825d02, fabric-resource-loader-v0@0.2.6+f41e209802, fabric-textures-v0@1.0.4+eae12eb802, fabric-content-registries-v0@0.1.9+059ea86602, fabric-tag-extensions-v0@0.2.7+a4c57d8e02, fabric-rendering-fluids-v1@0.1.8+b7084faa02, realisticmining@${version}, fabric-registry-sync-v0@0.3.8+7dba2d6c02, fabric-commands-v0@0.2.0+52d3083602, fabric-blockrenderlayer-v1@1.1.4+c6a8ea8902, fabric-lifecycle-events-v1@1.2.0+e83e061c02, fabric-mining-levels-v0@0.1.2+b764ce9902, fabric-renderer-registries-v1@2.0.1+5a0f9a6002, fabric-events-lifecycle-v0@0.2.0+16acbe5b02, fabric-loot-tables-v1@1.0.0+386eb69e02, fabric@0.16.2+build.385-1.16.1, fabric-item-groups-v0@0.2.0+438f963602, fabric-models-v0@0.1.0+dfdb52d602, fabric-particles-v1@0.2.1+0a6f2a7002, fabric-networking-v0@0.1.10+e00ecb5f02, fabric-object-builders-v0@0.6.1+a2d21ddd02
[19:12:23] [main/WARN] (Fabric|Loader) Mod `realisticmining` (${version}) does not respect SemVer - comparison support is limited.
[19:12:25] [main/INFO] (mixin) SpongePowered MIXIN Subsystem Version=0.8 Source=file:/C:/Users/lukev/.gradle/caches/modules-2/files-2.1/net.fabricmc/sponge-mixin/0.8+build.18/af077ad2845a00cde186fa2c99c4dd32bd2a2766/sponge-mixin-0.8+build.18.jar Service=Knot/Fabric Env=CLIENT
[19:12:27] [main/INFO] (Fabric|MixinBootstrap) Loaded Fabric development mappings for mixin remapper!
[19:12:31] [main/INFO] (mixin) Remapping refMap fabric-networking-v0-refmap.json using remapper chain
[19:12:31] [main/INFO] (mixin) Remapping refMap fabric-networking-blockentity-v0-refmap.json using remapper chain
[19:12:31] [main/INFO] (mixin) Remapping refMap fabric-biomes-v1-refmap.json using remapper chain
[19:12:31] [main/INFO] (mixin) Remapping refMap fabric-screen-handler-api-v1-refmap.json using remapper chain
[19:12:31] [main/INFO] (mixin) Remapping refMap fabric-lifecycle-events-v1-refmap.json using remapper chain
[19:12:31] [main/INFO] (mixin) Remapping refMap fabric-containers-v0-refmap.json using remapper chain
[19:12:31] [main/INFO] (mixin) Remapping refMap fabric-renderer-indigo-refmap.json using remapper chain
[19:12:31] [main/INFO] (mixin) Remapping refMap fabric-rendering-data-attachment-v1-refmap.json using remapper chain
[19:12:31] [main/INFO] (mixin) Remapping refMap fabric-item-api-v1-refmap.json using remapper chain
[19:12:31] [main/INFO] (mixin) Remapping refMap fabric-events-interaction-v0-refmap.json using remapper chain
[19:12:31] [main/INFO] (mixin) Remapping refMap fabric-loot-tables-v1-refmap.json using remapper chain
[19:12:31] [main/INFO] (mixin) Remapping refMap fabric-object-builder-api-v1-refmap.json using remapper chain
[19:12:31] [main/INFO] (mixin) Remapping refMap fabric-dimensions-v1-refmap.json using remapper chain
[19:12:31] [main/INFO] (mixin) Remapping refMap fabric-renderer-registries-v1-refmap.json using remapper chain
[19:12:31] [main/INFO] (mixin) Remapping refMap fabric-textures-v0-refmap.json using remapper chain
[19:12:31] [main/INFO] (mixin) Remapping refMap fabric-registry-sync-v0-refmap.json using remapper chain
[19:12:31] [main/INFO] (mixin) Remapping refMap fabric-models-v0-refmap.json using remapper chain
[19:12:31] [main/INFO] (mixin) Remapping refMap fabric-blockrenderlayer-v1-refmap.json using remapper chain
[19:12:31] [main/INFO] (mixin) Remapping refMap fabric-renderer-api-v1-refmap.json using remapper chain
[19:12:31] [main/INFO] (mixin) Remapping refMap fabric-containers-v0-refmap.json using remapper chain
[19:12:31] [main/INFO] (mixin) Remapping refMap fabric-rendering-fluids-v1-refmap.json using remapper chain
[19:12:31] [main/INFO] (mixin) Remapping refMap fabric-resource-loader-v0-refmap.json using remapper chain
[19:12:31] [main/INFO] (mixin) Remapping refMap fabric-game-rule-api-v1-refmap.json using remapper chain
[19:12:31] [main/INFO] (mixin) Remapping refMap fabric-particles-v1-refmap.json using remapper chain
[19:12:31] [main/INFO] (mixin) Remapping refMap fabric-object-builders-refmap.json using remapper chain
[19:12:31] [main/INFO] (mixin) Remapping refMap fabric-tag-extensions-v0-refmap.json using remapper chain
[19:12:31] [main/INFO] (mixin) Remapping refMap fabric-tool-attribute-api-v1-refmap.json using remapper chain
[19:12:31] [main/INFO] (mixin) Remapping refMap fabric-rendering-v1-refmap.json using remapper chain
[19:12:31] [main/INFO] (mixin) Remapping refMap fabric-item-groups-v0-refmap.json using remapper chain
[19:12:31] [main/INFO] (mixin) Remapping refMap fabric-content-registries-v0-refmap.json using remapper chain
[19:12:31] [main/INFO] (mixin) Remapping refMap fabric-command-api-v1-refmap.json using remapper chain
[19:12:31] [main/INFO] (mixin) Remapping refMap fabric-crash-report-info-v1-refmap.json using remapper chain
[19:12:31] [main/INFO] (mixin) Remapping refMap fabric-key-binding-api-v1-refmap.json using remapper chain
[19:12:31] [main/INFO] (mixin) Remapping refMap fabric-renderer-api-v1-refmap.json using remapper chain
[19:12:31] [main/WARN] (mixin) @Mixin target net/minecraft/server/world/ThreadedAnvilChunkStorage$EntityTracker is public in fabric-networking-v0.mixins.json:MixinEntityTracker and should be specified in value
[19:12:32] [main/WARN] (mixin) @Mixin target net/minecraft/client/render/block/BlockModelRenderer$AmbientOcclusionCalculator is public in fabric-renderer-indigo.mixins.json:MixinAmbientOcclusionCalculator and should be specified in value
[19:12:32] [main/WARN] (mixin) @Mixin target net/minecraft/client/render/chunk/ChunkBuilder$BuiltChunk$RebuildTask is public in fabric-renderer-indigo.mixins.json:MixinChunkRebuildTask and should be specified in value
[19:12:34] [main/WARN] (mixin) @Mixin target net/minecraft/server/command/GameRuleCommand$1 is public in fabric-game-rule-api-v1.mixins.json:GameRuleCommandVisitorMixin and should be specified in value
[19:12:34] [main/WARN] (mixin) @Mixin target net/minecraft/client/gui/screen/world/EditGameRulesScreen$RuleListWidget$1 is public in fabric-game-rule-api-v1.mixins.json:client.RuleListWidgetVisitorMixin and should be specified in value
[19:12:34] [main/WARN] (mixin) @Mixin target net/minecraft/client/particle/ParticleManager$SimpleSpriteProvider is public in fabric-particles-v1.mixins.json:ParticleManagerAccessor$SimpleSpriteProviderAccessor and should be specified in value
[19:12:34] [main/WARN] (mixin) @Mixin target net/minecraft/tag/Tag$1 is public in fabric-tag-extensions-v0.mixins.json:MixinTagImpl and should be specified in value
[19:13:08] [main/INFO] (Minecraft) Environment: authHost='https://authserver.mojang.com', accountsHost='https://api.mojang.com', sessionHost='https://sessionserver.mojang.com', name='PROD'
[19:13:08] [main/INFO] (Minecraft) Setting user: Player496
[19:13:09] [main/INFO] (Indigo) [Indigo] Registering Indigo renderer!
[19:13:11] [main/INFO] (Minecraft) Backend library: LWJGL version 3.2.2 build 10
[19:13:22] [main/INFO] (Minecraft) Narrator library for x64 successfully loaded
[19:13:22] [main/INFO] (Minecraft) Reloading ResourceManager: Default, Fabric Networking Block Entity (v0), Fabric Renderer API (v1), Fabric Screen Handler API (v1), Fabric Key Bindings (v0), Fabric Loader, Fabric Tool Attribute API (v1), Fabric Renderer - Indigo, Fabric Containers (v0), Fabric Object Builder API (v1), Fabric Biomes (v1), Fabric Crash Report Info (v1), Fabric Item API (v1), Fabric Events Interaction (v0), Fabric Game Rule API (v1), Fabric API Base, Fabric Rendering (v0), Fabric Key Binding API (v1), Fabric Rendering (v1), Fabric Rendering Data Attachment (v1), Fabric Resource Loader (v0), Fabric Textures (v0), Fabric Content Registries (v0), Fabric Tag Extensions (v0), Fabric Rendering Fluids (v1), Realistic Mining, Fabric Registry Sync (v0), Fabric BlockRenderLayer Registration (v1), Fabric Lifecycle Events (v1), Fabric Mining Levels (v0), Fabric Renderer Registries (v1), Fabric Events Lifecycle (v0), Fabric Loot Tables (v1), Fabric API, Fabric Item Groups (v0), Fabric Models (v0), Fabric Networking (v0), Fabric Object Builders (v0)
[19:13:30] [Realms Notification Availability checker #1/INFO] (Minecraft) Could not authorize you against Realms server: Invalid session id
[19:13:50] [Worker-Main-5/WARN] (Minecraft) Unable to load model: 'realisticmining:fabric_item#inventory' referenced from: realisticmining:fabric_item#inventory: java.io.FileNotFoundException: realisticmining:models/item/fabric_item.json
[19:14:09] [main/INFO] (Minecraft) OpenAL initialized.
[19:14:09] [main/INFO] (Minecraft) Sound engine started
[19:14:11] [main/INFO] (Minecraft) Created: 1024x1024x4 minecraft:textures/atlas/blocks.png-atlas
[19:14:13] [main/INFO] (Minecraft) Created: 256x128x4 minecraft:textures/atlas/signs.png-atlas
[19:14:13] [main/INFO] (Minecraft) Created: 1024x512x4 minecraft:textures/atlas/banner_patterns.png-atlas
[19:14:13] [main/INFO] (Minecraft) Created: 1024x512x4 minecraft:textures/atlas/shield_patterns.png-atlas
[19:14:13] [main/INFO] (Minecraft) Created: 256x256x4 minecraft:textures/atlas/chest.png-atlas
[19:14:13] [main/INFO] (Minecraft) Created: 512x256x4 minecraft:textures/atlas/beds.png-atlas
[19:14:13] [main/INFO] (Minecraft) Created: 512x256x4 minecraft:textures/atlas/shulker_boxes.png-atlas
[19:14:17] [main/INFO] (Minecraft) Created: 256x256x0 minecraft:textures/atlas/particles.png-atlas
[19:14:17] [main/INFO] (Minecraft) Created: 256x256x0 minecraft:textures/atlas/paintings.png-atlas
[19:14:17] [main/INFO] (Minecraft) Created: 256x128x0 minecraft:textures/atlas/mob_effects.png-atlas
[19:14:37] [main/WARN] (Minecraft) Ambiguity between arguments [teleport, destination] and [teleport, targets] with inputs: [Player, 0123, @e, dd12be42-52a9-4a91-a8a1-11c01849e498]
[19:14:37] [main/WARN] (Minecraft) Ambiguity between arguments [teleport, location] and [teleport, destination] with inputs: [0.1 -0.5 .9, 0 0 0]
[19:14:37] [main/WARN] (Minecraft) Ambiguity between arguments [teleport, location] and [teleport, targets] with inputs: [0.1 -0.5 .9, 0 0 0]
[19:14:37] [main/WARN] (Minecraft) Ambiguity between arguments [teleport, targets] and [teleport, destination] with inputs: [Player, 0123, dd12be42-52a9-4a91-a8a1-11c01849e498]
[19:14:37] [main/WARN] (Minecraft) Ambiguity between arguments [teleport, targets, location] and [teleport, targets, destination] with inputs: [0.1 -0.5 .9, 0 0 0]
[19:14:37] [main/INFO] (Minecraft) Reloading ResourceManager: Default, Fabric Networking Block Entity (v0), Fabric Renderer API (v1), Fabric Screen Handler API (v1), Fabric Key Bindings (v0), Fabric Loader, Fabric Tool Attribute API (v1), Fabric Renderer - Indigo, Fabric Containers (v0), Fabric Object Builder API (v1), Fabric Biomes (v1), Fabric Crash Report Info (v1), Fabric Item API (v1), Fabric Events Interaction (v0), Fabric Game Rule API (v1), Fabric API Base, Fabric Rendering (v0), Fabric Key Binding API (v1), Fabric Rendering (v1), Fabric Rendering Data Attachment (v1), Fabric Resource Loader (v0), Fabric Textures (v0), Fabric Content Registries (v0), Fabric Tag Extensions (v0), Fabric Rendering Fluids (v1), Realistic Mining, Fabric Registry Sync (v0), Fabric BlockRenderLayer Registration (v1), Fabric Lifecycle Events (v1), Fabric Mining Levels (v0), Fabric Renderer Registries (v1), Fabric Events Lifecycle (v0), Fabric Loot Tables (v1), Fabric API, Fabric Item Groups (v0), Fabric Models (v0), Fabric Networking (v0), Fabric Object Builders (v0), Fabric Tool Attribute API (v1)
[19:14:46] [main/INFO] (Minecraft) Loaded 7 recipes
[19:14:48] [main/INFO] (Minecraft) Loaded 927 advancements
[19:14:53] [main/INFO] (Minecraft) Environment: authHost='https://authserver.mojang.com', accountsHost='https://api.mojang.com', sessionHost='https://sessionserver.mojang.com', name='PROD'
[19:14:53] [Server thread/INFO] (Minecraft) Starting integrated minecraft server version 1.16.1
[19:14:53] [Server thread/INFO] (Minecraft) Generating keypair
[19:15:00] [Server thread/INFO] (Minecraft) Preparing start region for dimension minecraft:overworld
[19:15:02] [main/INFO] (Minecraft) Preparing spawn area: 0%
[19:15:02] [main/INFO] (Minecraft) Preparing spawn area: 0%
[19:15:02] [main/INFO] (Minecraft) Preparing spawn area: 0%
[19:15:05] [main/INFO] (Minecraft) Preparing spawn area: 0%
[19:15:05] [main/INFO] (Minecraft) Preparing spawn area: 0%
[19:15:05] [main/INFO] (Minecraft) Preparing spawn area: 0%
[19:15:05] [main/INFO] (Minecraft) Preparing spawn area: 0%
[19:15:05] [main/INFO] (Minecraft) Preparing spawn area: 0%
[19:15:05] [main/INFO] (Minecraft) Preparing spawn area: 0%
[19:15:05] [main/INFO] (Minecraft) Preparing spawn area: 0%
[19:15:06] [main/INFO] (Minecraft) Preparing spawn area: 0%
[19:15:06] [main/INFO] (Minecraft) Preparing spawn area: 0%
[19:15:08] [main/INFO] (Minecraft) Preparing spawn area: 0%
[19:15:08] [main/INFO] (Minecraft) Preparing spawn area: 0%
[19:15:09] [main/INFO] (Minecraft) Preparing spawn area: 0%
[19:15:09] [main/INFO] (Minecraft) Preparing spawn area: 0%
[19:15:10] [main/INFO] (Minecraft) Preparing spawn area: 0%
[19:15:10] [main/INFO] (Minecraft) Preparing spawn area: 0%
[19:15:10] [main/INFO] (Minecraft) Preparing spawn area: 0%
[19:15:11] [main/INFO] (Minecraft) Preparing spawn area: 1%
[19:15:11] [main/INFO] (Minecraft) Preparing spawn area: 1%
[19:15:12] [main/INFO] (Minecraft) Preparing spawn area: 1%
[19:15:12] [main/INFO] (Minecraft) Preparing spawn area: 1%
[19:15:13] [main/INFO] (Minecraft) Preparing spawn area: 1%
[19:15:13] [main/INFO] (Minecraft) Preparing spawn area: 1%
[19:15:13] [main/INFO] (Minecraft) Preparing spawn area: 1%
[19:15:14] [main/INFO] (Minecraft) Preparing spawn area: 1%
[19:15:15] [main/INFO] (Minecraft) Preparing spawn area: 12%
[19:15:15] [main/INFO] (Minecraft) Preparing spawn area: 12%
[19:15:25] [main/INFO] (Minecraft) Preparing spawn area: 12%
[19:15:25] [main/INFO] (Minecraft) Preparing spawn area: 12%
[19:15:25] [main/INFO] (Minecraft) Preparing spawn area: 12%
[19:15:25] [main/INFO] (Minecraft) Preparing spawn area: 12%
[19:15:25] [main/INFO] (Minecraft) Preparing spawn area: 12%
[19:15:25] [main/INFO] (Minecraft) Preparing spawn area: 12%
[19:15:25] [main/INFO] (Minecraft) Preparing spawn area: 12%
[19:15:25] [main/INFO] (Minecraft) Preparing spawn area: 12%
[19:15:25] [main/INFO] (Minecraft) Preparing spawn area: 12%
[19:15:25] [main/INFO] (Minecraft) Preparing spawn area: 12%
[19:15:25] [main/INFO] (Minecraft) Preparing spawn area: 12%
[19:15:25] [main/INFO] (Minecraft) Preparing spawn area: 12%
[19:15:25] [main/INFO] (Minecraft) Preparing spawn area: 12%
[19:15:25] [main/INFO] (Minecraft) Preparing spawn area: 12%
[19:15:25] [main/INFO] (Minecraft) Preparing spawn area: 12%
[19:15:25] [main/INFO] (Minecraft) Preparing spawn area: 12%
[19:15:25] [main/INFO] (Minecraft) Preparing spawn area: 12%
[19:15:25] [main/INFO] (Minecraft) Preparing spawn area: 12%
[19:15:25] [main/INFO] (Minecraft) Preparing spawn area: 12%
[19:15:25] [main/INFO] (Minecraft) Preparing spawn area: 12%
[19:15:25] [main/INFO] (Minecraft) Preparing spawn area: 12%
[19:15:26] [main/INFO] (Minecraft) Preparing spawn area: 30%
[19:15:35] [main/INFO] (Minecraft) Preparing spawn area: 59%
[19:15:35] [main/INFO] (Minecraft) Preparing spawn area: 59%
[19:15:35] [main/INFO] (Minecraft) Preparing spawn area: 59%
[19:15:35] [main/INFO] (Minecraft) Preparing spawn area: 59%
[19:15:35] [main/INFO] (Minecraft) Preparing spawn area: 59%
[19:15:35] [main/INFO] (Minecraft) Preparing spawn area: 59%
[19:15:35] [main/INFO] (Minecraft) Preparing spawn area: 59%
[19:15:35] [main/INFO] (Minecraft) Preparing spawn area: 59%
[19:15:35] [main/INFO] (Minecraft) Preparing spawn area: 59%
[19:15:35] [main/INFO] (Minecraft) Preparing spawn area: 59%
[19:15:35] [main/INFO] (Minecraft) Preparing spawn area: 59%
[19:15:35] [main/INFO] (Minecraft) Preparing spawn area: 59%
[19:15:35] [main/INFO] (Minecraft) Preparing spawn area: 59%
[19:15:35] [main/INFO] (Minecraft) Preparing spawn area: 59%
[19:15:35] [main/INFO] (Minecraft) Preparing spawn area: 59%
[19:15:35] [main/INFO] (Minecraft) Preparing spawn area: 59%
[19:15:35] [main/INFO] (Minecraft) Preparing spawn area: 59%
[19:15:35] [main/INFO] (Minecraft) Preparing spawn area: 59%
[19:15:35] [main/INFO] (Minecraft) Preparing spawn area: 59%
[19:15:37] [main/INFO] (Minecraft) Time elapsed: 35945 ms
[19:15:37] [Server thread/INFO] (Minecraft) Changing view distance to 11, from 10
[19:15:50] [Server thread/INFO] (Minecraft) Player496[local:E:c59c6c53] logged in with entity id 1 at (-148.5, 4.0, -193.5)
[19:15:51] [Server thread/INFO] (Minecraft) Player496 joined the game
[19:15:52] [Server thread/INFO] (Minecraft) Saving and pausing game...
[19:15:52] [Server thread/INFO] (Minecraft) Saving chunks for level 'ServerLevel[New World]'/minecraft:overworld
[19:15:53] [Server thread/INFO] (Minecraft) Saving chunks for level 'ServerLevel[New World]'/minecraft:the_nether
[19:15:53] [Server thread/INFO] (Minecraft) Saving chunks for level 'ServerLevel[New World]'/minecraft:the_end
[19:15:53] [main/INFO] (Minecraft) Loaded 0 advancements
[19:15:54] [Server thread/WARN] (Minecraft) Can't keep up! Is the server overloaded? Running 3699ms or 73 ticks behind
[19:16:12] [Server thread/WARN] (Minecraft) Can't keep up! Is the server overloaded? Running 2675ms or 53 ticks behind
[19:16:18] [Server thread/INFO] (Minecraft) [Player496: Gamerule doMobSpawning is now set to: false]
[19:16:18] [main/INFO] (Minecraft) [CHAT] Gamerule doMobSpawning is now set to: false
[19:16:36] [Server thread/INFO] (Minecraft) [Player496: Killed 75 entities]
[19:16:37] [main/INFO] (Minecraft) [CHAT] Killed 75 entities
[19:16:41] [Server thread/INFO] (Minecraft) [Player496: Killed 171 entities]
[19:16:42] [main/INFO] (Minecraft) [CHAT] Killed 171 entities
[19:16:46] [main/INFO] (Minecraft) [CHAT] Unknown or incomplete command, see below for error
[19:16:47] [main/INFO] (Minecraft) [CHAT] /<--[HERE]
[19:16:53] [Server thread/INFO] (Minecraft) [Player496: Killed 274 entities]
[19:16:53] [main/INFO] (Minecraft) [CHAT] Killed 274 entities
[19:16:56] [Server thread/INFO] (Minecraft) [Player496: Killed 158 entities]
[19:16:56] [main/INFO] (Minecraft) [CHAT] Killed 158 entities
[19:16:58] [main/INFO] (Minecraft) [CHAT] No entity was found
[19:17:32] [Server thread/INFO] (Minecraft) Saving and pausing game...
[19:17:32] [Server thread/INFO] (Minecraft) Saving chunks for level 'ServerLevel[New World]'/minecraft:overworld
[19:17:33] [Server thread/INFO] (Minecraft) Saving chunks for level 'ServerLevel[New World]'/minecraft:the_nether
[19:17:33] [Server thread/INFO] (Minecraft) Saving chunks for level 'ServerLevel[New World]'/minecraft:the_end
[19:17:34] [Server thread/INFO] (Minecraft) Player496 lost connection: Disconnected
[19:17:34] [Server thread/INFO] (Minecraft) Player496 left the game
[19:17:34] [Server thread/INFO] (Minecraft) Stopping singleplayer server as player logged out
[19:17:34] [Server thread/INFO] (Minecraft) Stopping server
[19:17:34] [Server thread/INFO] (Minecraft) Saving players
[19:17:34] [Server thread/INFO] (Minecraft) Saving worlds
[19:17:34] [Server thread/INFO] (Minecraft) Saving chunks for level 'ServerLevel[New World]'/minecraft:overworld
[19:17:34] [Server thread/INFO] (Minecraft) ThreadedAnvilChunkStorage (New World): All chunks are saved
[19:17:34] [Server thread/INFO] (Minecraft) Saving chunks for level 'ServerLevel[New World]'/minecraft:the_nether
[19:17:34] [Server thread/INFO] (Minecraft) ThreadedAnvilChunkStorage (DIM-1): All chunks are saved
[19:17:34] [Server thread/INFO] (Minecraft) Saving chunks for level 'ServerLevel[New World]'/minecraft:the_end
[19:17:34] [Server thread/INFO] (Minecraft) ThreadedAnvilChunkStorage (DIM1): All chunks are saved
[19:17:34] [Server thread/INFO] (Minecraft) ThreadedAnvilChunkStorage (New World): All chunks are saved
[19:17:34] [Server thread/INFO] (Minecraft) ThreadedAnvilChunkStorage (DIM-1): All chunks are saved
[19:17:34] [Server thread/INFO] (Minecraft) ThreadedAnvilChunkStorage (DIM1): All chunks are saved
[19:17:37] [main/INFO] (Minecraft) Stopping!
